[14:49:39] [ERROR] runner:<module>:34 - Error running cinema scraper
Traceback (most recent call last):

  File "<frozen runpy>", line 198, in _run_module_as_main
  File "<frozen runpy>", line 88, in _run_code

> File "/home/midas/cinema-agenda-fastapi/backend/app/scraping/runner.py", line 34, in <module>
    try: run()
         └ <function run at 0x7f56181da0c0>

  File "/home/midas/cinema-agenda-fastapi/backend/app/scraping/runner.py", line 23, in run
    scraper: BaseCinemaScraper = scraper_cls()
                                 └ <class 'app.scraping.cinemas.amsterdam.eye.EyeScraper'>

  File "/home/midas/cinema-agenda-fastapi/backend/app/scraping/cinemas/amsterdam/eye.py", line 31, in __init__
    self.cinema_id = crud.get_cinema_id_by_name(CINEMA)
    │                │    │                     └ 'Eye'
    │                │    └ <function get_cinema_id_by_name at 0x7f561c2d9b20>
    │                └ <module 'app.crud' from '/home/midas/cinema-agenda-fastapi/backend/app/crud/__init__.py'>
    └ <app.scraping.cinemas.amsterdam.eye.EyeScraper object at 0x7f561815ffd0>

TypeError: get_cinema_id_by_name() takes 0 positional arguments but 1 was given
[14:51:38] [INFO] runner:run:25 - Running scraper for cinema: eye...
[14:51:47] [WARNING] eye:get_movie:134 - No TMDB id found for Naomi Osaka, skipping
[14:51:57] [WARNING] tmdb:get_person_ids:31 - Verschillende regisseurs could not be found on TMDB.
[14:51:57] [WARNING] eye:get_movie:134 - No TMDB id found for shaun het schaap - elke dag feest, skipping
[14:52:08] [WARNING] tmdb:get_person_ids:31 - Verschillende regisseurs could not be found on TMDB.
[14:52:08] [WARNING] eye:get_movie:134 - No TMDB id found for shaun het schaap - elke dag feest, skipping
[14:52:10] [WARNING] tmdb:get_person_ids:31 - Verschillende regisseurs could not be found on TMDB.
[14:52:10] [WARNING] eye:get_movie:134 - No TMDB id found for shaun het schaap - elke dag feest, skipping
[14:52:13] [WARNING] tmdb:get_person_ids:31 - Verschillende regisseurs could not be found on TMDB.
[14:52:13] [WARNING] eye:get_movie:134 - No TMDB id found for shaun het schaap - elke dag feest, skipping
[14:52:13] [WARNING] tmdb:get_person_ids:31 - Verschillende regisseurs could not be found on TMDB.
[14:52:13] [WARNING] eye:get_movie:134 - No TMDB id found for shaun het schaap - elke dag feest, skipping
[14:52:15] [WARNING] tmdb:get_person_ids:31 - Verschillende regisseurs could not be found on TMDB.
[14:52:15] [WARNING] eye:get_movie:134 - No TMDB id found for shaun het schaap - elke dag feest, skipping
[14:52:47] [SUCCESS] runner:run:28 - Scraped showtime data for cinema: eye.
[14:52:47] [INFO] runner:run:25 - Running scraper for cinema: filmhallen...
[14:52:47] [ERROR] runner:run:26 - Error running cinema scraper for filmhallen
Traceback (most recent call last):

  File "<frozen runpy>", line 198, in _run_module_as_main
  File "<frozen runpy>", line 88, in _run_code

  File "/home/midas/cinema-agenda-fastapi/backend/app/scraping/runner.py", line 34, in <module>
    try: run()
         └ <function run at 0x7f912699e0c0>

> File "/home/midas/cinema-agenda-fastapi/backend/app/scraping/runner.py", line 27, in run
    scraper.scrape()
    │       └ <function GenericEagerlyScraper.scrape at 0x7f91269144a0>
    └ <app.scraping.cinemas.amsterdam.filmhallen.FilmHallenScraper object at 0x7f9134407950>

  File "/home/midas/cinema-agenda-fastapi/backend/app/scraping/cinemas/generic/eagerly.py", line 40, in scrape
    logger.trace(f"Running {self.cinema} scraper...")
    │      └ <function Logger.trace at 0x7f913b0c9800>
    └ <loguru.logger handlers=[(id=6, level=5, sink='app/logs/2025-07-08/cinema_scraper/trace.log'), (id=7, level=10, sink='app/log...

AttributeError: 'FilmHallenScraper' object has no attribute 'cinema'
[14:52:47] [ERROR] eagerly:__init__:29 - Cinema Kino not found in database
[14:52:47] [ERROR] runner:<module>:34 - Error running cinema scraper
Traceback (most recent call last):

  File "<frozen runpy>", line 198, in _run_module_as_main
  File "<frozen runpy>", line 88, in _run_code

> File "/home/midas/cinema-agenda-fastapi/backend/app/scraping/runner.py", line 34, in <module>
    try: run()
         └ <function run at 0x7f912699e0c0>

  File "/home/midas/cinema-agenda-fastapi/backend/app/scraping/runner.py", line 23, in run
    scraper: BaseCinemaScraper = scraper_cls()
    │                            └ <class 'app.scraping.cinemas.rotterdam.kino.KinoScraper'>
    └ <app.scraping.cinemas.amsterdam.filmhallen.FilmHallenScraper object at 0x7f9134407950>

  File "/home/midas/cinema-agenda-fastapi/backend/app/scraping/cinemas/rotterdam/kino.py", line 5, in __init__
    super().__init__(cinema="Kino", url_base="https://kinorotterdam.nl/")

  File "/home/midas/cinema-agenda-fastapi/backend/app/scraping/cinemas/generic/eagerly.py", line 30, in __init__
    raise ValueError(f"Cinema {cinema} not found in database")

ValueError: Cinema Kino not found in database
[15:02:02] [INFO] runner:run:25 - Running scraper for cinema: eye...
[15:02:09] [WARNING] eye:get_movie:134 - No TMDB id found for Naomi Osaka, skipping
[15:02:17] [WARNING] tmdb:get_person_ids:31 - Verschillende regisseurs could not be found on TMDB.
[15:02:17] [WARNING] eye:get_movie:134 - No TMDB id found for shaun het schaap - elke dag feest, skipping
[15:02:28] [WARNING] tmdb:get_person_ids:31 - Verschillende regisseurs could not be found on TMDB.
[15:02:28] [WARNING] eye:get_movie:134 - No TMDB id found for shaun het schaap - elke dag feest, skipping
[15:02:30] [WARNING] tmdb:get_person_ids:31 - Verschillende regisseurs could not be found on TMDB.
[15:02:30] [WARNING] eye:get_movie:134 - No TMDB id found for shaun het schaap - elke dag feest, skipping
[15:02:33] [WARNING] tmdb:get_person_ids:31 - Verschillende regisseurs could not be found on TMDB.
[15:02:33] [WARNING] eye:get_movie:134 - No TMDB id found for shaun het schaap - elke dag feest, skipping
[15:02:33] [WARNING] tmdb:get_person_ids:31 - Verschillende regisseurs could not be found on TMDB.
[15:02:33] [WARNING] eye:get_movie:134 - No TMDB id found for shaun het schaap - elke dag feest, skipping
[15:02:34] [WARNING] tmdb:get_person_ids:31 - Verschillende regisseurs could not be found on TMDB.
[15:02:34] [WARNING] eye:get_movie:134 - No TMDB id found for shaun het schaap - elke dag feest, skipping
[15:02:57] [SUCCESS] runner:run:28 - Scraped showtime data for cinema: eye.
[15:02:57] [INFO] runner:run:25 - Running scraper for cinema: filmhallen...
[15:03:20] [WARNING] eagerly:scrape:66 - No TMDB ID found for gillian anderson a streetcar named desire, skipping
[15:03:41] [WARNING] tmdb:get_person_ids:31 - Rob Cureton could not be found on TMDB.
[15:03:41] [WARNING] tmdb:get_person_ids:31 - Anber Ortanca could not be found on TMDB.
[15:03:41] [WARNING] eagerly:scrape:66 - No TMDB ID found for peppa en de nieuwe baby een bioscoopervaring, skipping
[15:03:52] [WARNING] eagerly:scrape:66 - No TMDB ID found for smurfen nl, skipping
[15:04:09] [WARNING] eagerly:scrape:66 - No TMDB ID found for the village next to paradise, skipping
[15:04:14] [SUCCESS] runner:run:28 - Scraped showtime data for cinema: filmhallen.
[15:04:14] [INFO] runner:run:25 - Running scraper for cinema: kino...
[15:04:31] [WARNING] tmdb:get_person_ids:31 - Rob Cureton could not be found on TMDB.
[15:04:31] [WARNING] tmdb:get_person_ids:31 - Anber Ortanca could not be found on TMDB.
[15:04:31] [WARNING] eagerly:scrape:66 - No TMDB ID found for peppa en de nieuwe baby, skipping
[15:04:34] [WARNING] tmdb:get_person_ids:31 - Keira Knightly could not be found on TMDB.
[15:04:38] [WARNING] eagerly:scrape:66 - No TMDB ID found for smurfen, skipping
[15:04:40] [WARNING] eagerly:scrape:66 - No TMDB ID found for sneak preview, skipping
[15:04:48] [WARNING] eagerly:scrape:66 - No TMDB ID found for wdka animation shorts home is, skipping
[15:04:48] [WARNING] eagerly:scrape:66 - No TMDB ID found for wdka animation shorts moving on, skipping
[15:04:48] [WARNING] eagerly:scrape:66 - No TMDB ID found for wdka animation shorts open up, skipping
[15:04:48] [WARNING] eagerly:scrape:66 - No TMDB ID found for wdka animation shorts there and back again, skipping
[15:04:49] [WARNING] eagerly:scrape:66 - No TMDB ID found for wdka animation shorts under pressure, skipping
[15:04:49] [WARNING] eagerly:scrape:66 - No TMDB ID found for wdka audiovisual shorts documentary, skipping
[15:04:49] [WARNING] eagerly:scrape:66 - No TMDB ID found for wdka audiovisual shorts fiction, skipping
[15:04:49] [WARNING] eagerly:scrape:66 - No TMDB ID found for wdka audiovisual shorts hybrid experimental, skipping
[15:04:49] [WARNING] eagerly:scrape:66 - No TMDB ID found for wdka graduation shorts animation 1, skipping
[15:04:49] [WARNING] eagerly:scrape:66 - No TMDB ID found for wdka graduation shorts animation 2, skipping
[15:04:50] [WARNING] eagerly:scrape:66 - No TMDB ID found for wdka graduation shorts animation 3, skipping
[15:04:50] [WARNING] eagerly:scrape:66 - No TMDB ID found for wdka graduation shorts documentary 1, skipping
[15:04:50] [WARNING] eagerly:scrape:66 - No TMDB ID found for wdka graduation shorts documentary 2, skipping
[15:04:50] [WARNING] eagerly:scrape:66 - No TMDB ID found for wdka graduation shorts fiction, skipping
[15:04:50] [WARNING] eagerly:scrape:66 - No TMDB ID found for wdka graduation shorts hybrid experimental 1, skipping
[15:04:51] [WARNING] eagerly:scrape:66 - No TMDB ID found for wdka graduation shorts hybrid experimental 2, skipping
[15:04:52] [SUCCESS] runner:run:28 - Scraped showtime data for cinema: kino.
[15:04:52] [INFO] runner:run:25 - Running scraper for cinema: kriterion...
[15:04:53] [WARNING] tmdb:get_person_ids:31 - Various directors could not be found on TMDB.
[15:04:53] [WARNING] kriterion:scrape:60 - Could not process show SNEAK PREVIEW
[15:04:53] [WARNING] tmdb:get_person_ids:31 - Marcia Romano & Benoit Sabatier could not be found on TMDB.
[15:04:53] [WARNING] kriterion:scrape:60 - Could not process show Festen (Dogma '95, ENG subs)
[15:04:55] [WARNING] tmdb:get_person_ids:31 - Various directors could not be found on TMDB.
[15:04:55] [WARNING] kriterion:scrape:60 - Could not process show SNEAK PREVIEW
[15:04:56] [SUCCESS] runner:run:28 - Scraped showtime data for cinema: kriterion.
[15:04:56] [INFO] runner:run:25 - Running scraper for cinema: lab111...
[15:05:11] [WARNING] lab111:scrape:66 - No TMDB id found for asian movie night: sanguine specters stick to the skin, skipping
[15:05:16] [WARNING] lab111:scrape:66 - No TMDB id found for hump! film fest 2025 part two, skipping
[15:05:46] [WARNING] lab111:scrape:66 - No TMDB id found for iqmf queer short film program 2025, skipping
[15:05:50] [SUCCESS] runner:run:28 - Scraped showtime data for cinema: lab111.
[15:05:50] [INFO] runner:run:25 - Running scraper for cinema: themovies...
[15:06:06] [SUCCESS] runner:run:28 - Scraped showtime data for cinema: themovies.
[15:06:06] [ERROR] uitkijk:__init__:33 - Cinema Uitkijk not found in database
[15:06:06] [ERROR] runner:<module>:34 - Error running cinema scraper
Traceback (most recent call last):

  File "<frozen runpy>", line 198, in _run_module_as_main
  File "<frozen runpy>", line 88, in _run_code

> File "/home/midas/cinema-agenda-fastapi/backend/app/scraping/runner.py", line 34, in <module>
    try: run()
         └ <function run at 0x7f1601dc20c0>

  File "/home/midas/cinema-agenda-fastapi/backend/app/scraping/runner.py", line 23, in run
    scraper: BaseCinemaScraper = scraper_cls()
    │                            └ <class 'app.scraping.cinemas.amsterdam.uitkijk.UitkijkScraper'>
    └ <app.scraping.cinemas.amsterdam.themovies.TheMoviesScraper object at 0x7f1600591c10>

  File "/home/midas/cinema-agenda-fastapi/backend/app/scraping/cinemas/amsterdam/uitkijk.py", line 34, in __init__
    raise ValueError(f"Cinema {CINEMA} not found in database")

ValueError: Cinema Uitkijk not found in database
[15:06:58] [INFO] runner:run:25 - Running scraper for cinema: eye...
[15:07:03] [WARNING] eye:get_movie:134 - No TMDB id found for Naomi Osaka, skipping
[15:07:08] [WARNING] tmdb:get_person_ids:31 - Verschillende regisseurs could not be found on TMDB.
[15:07:08] [WARNING] eye:get_movie:134 - No TMDB id found for shaun het schaap - elke dag feest, skipping
[15:07:15] [WARNING] tmdb:get_person_ids:31 - Verschillende regisseurs could not be found on TMDB.
[15:07:15] [WARNING] eye:get_movie:134 - No TMDB id found for shaun het schaap - elke dag feest, skipping
[15:07:16] [WARNING] tmdb:get_person_ids:31 - Verschillende regisseurs could not be found on TMDB.
[15:07:16] [WARNING] eye:get_movie:134 - No TMDB id found for shaun het schaap - elke dag feest, skipping
[15:07:18] [WARNING] tmdb:get_person_ids:31 - Verschillende regisseurs could not be found on TMDB.
[15:07:18] [WARNING] eye:get_movie:134 - No TMDB id found for shaun het schaap - elke dag feest, skipping
[15:07:19] [WARNING] tmdb:get_person_ids:31 - Verschillende regisseurs could not be found on TMDB.
[15:07:19] [WARNING] eye:get_movie:134 - No TMDB id found for shaun het schaap - elke dag feest, skipping
[15:07:20] [WARNING] tmdb:get_person_ids:31 - Verschillende regisseurs could not be found on TMDB.
[15:07:20] [WARNING] eye:get_movie:134 - No TMDB id found for shaun het schaap - elke dag feest, skipping
[15:07:34] [SUCCESS] runner:run:28 - Scraped showtime data for cinema: eye.
[15:07:34] [INFO] runner:run:25 - Running scraper for cinema: filmhallen...
[15:07:38] [WARNING] eagerly:scrape:66 - No TMDB ID found for gillian anderson a streetcar named desire, skipping
[15:07:42] [WARNING] tmdb:get_person_ids:31 - Rob Cureton could not be found on TMDB.
[15:07:42] [WARNING] tmdb:get_person_ids:31 - Anber Ortanca could not be found on TMDB.
[15:07:42] [WARNING] eagerly:scrape:66 - No TMDB ID found for peppa en de nieuwe baby een bioscoopervaring, skipping
[15:07:44] [WARNING] eagerly:scrape:66 - No TMDB ID found for smurfen nl, skipping
[15:07:47] [WARNING] eagerly:scrape:66 - No TMDB ID found for the village next to paradise, skipping
[15:07:48] [SUCCESS] runner:run:28 - Scraped showtime data for cinema: filmhallen.
[15:07:48] [INFO] runner:run:25 - Running scraper for cinema: kino...
[15:07:53] [WARNING] tmdb:get_person_ids:31 - Rob Cureton could not be found on TMDB.
[15:07:53] [WARNING] tmdb:get_person_ids:31 - Anber Ortanca could not be found on TMDB.
[15:07:53] [WARNING] eagerly:scrape:66 - No TMDB ID found for peppa en de nieuwe baby, skipping
[15:07:53] [WARNING] tmdb:get_person_ids:31 - Keira Knightly could not be found on TMDB.
[15:07:55] [WARNING] eagerly:scrape:66 - No TMDB ID found for smurfen, skipping
[15:07:55] [WARNING] eagerly:scrape:66 - No TMDB ID found for sneak preview, skipping
[15:07:57] [WARNING] eagerly:scrape:66 - No TMDB ID found for wdka animation shorts home is, skipping
[15:07:57] [WARNING] eagerly:scrape:66 - No TMDB ID found for wdka animation shorts moving on, skipping
[15:07:57] [WARNING] eagerly:scrape:66 - No TMDB ID found for wdka animation shorts open up, skipping
[15:07:57] [WARNING] eagerly:scrape:66 - No TMDB ID found for wdka animation shorts there and back again, skipping
[15:07:57] [WARNING] eagerly:scrape:66 - No TMDB ID found for wdka animation shorts under pressure, skipping
[15:07:57] [WARNING] eagerly:scrape:66 - No TMDB ID found for wdka audiovisual shorts documentary, skipping
[15:07:58] [WARNING] eagerly:scrape:66 - No TMDB ID found for wdka audiovisual shorts fiction, skipping
[15:07:58] [WARNING] eagerly:scrape:66 - No TMDB ID found for wdka audiovisual shorts hybrid experimental, skipping
[15:07:58] [WARNING] eagerly:scrape:66 - No TMDB ID found for wdka graduation shorts animation 1, skipping
[15:07:58] [WARNING] eagerly:scrape:66 - No TMDB ID found for wdka graduation shorts animation 2, skipping
[15:07:58] [WARNING] eagerly:scrape:66 - No TMDB ID found for wdka graduation shorts animation 3, skipping
[15:07:58] [WARNING] eagerly:scrape:66 - No TMDB ID found for wdka graduation shorts documentary 1, skipping
[15:07:58] [WARNING] eagerly:scrape:66 - No TMDB ID found for wdka graduation shorts documentary 2, skipping
[15:07:58] [WARNING] eagerly:scrape:66 - No TMDB ID found for wdka graduation shorts fiction, skipping
[15:07:58] [WARNING] eagerly:scrape:66 - No TMDB ID found for wdka graduation shorts hybrid experimental 1, skipping
[15:07:58] [WARNING] eagerly:scrape:66 - No TMDB ID found for wdka graduation shorts hybrid experimental 2, skipping
[15:07:59] [SUCCESS] runner:run:28 - Scraped showtime data for cinema: kino.
[15:07:59] [INFO] runner:run:25 - Running scraper for cinema: kriterion...
[15:07:59] [WARNING] tmdb:get_person_ids:31 - Various directors could not be found on TMDB.
[15:07:59] [WARNING] kriterion:scrape:60 - Could not process show SNEAK PREVIEW
[15:08:00] [WARNING] tmdb:get_person_ids:31 - Marcia Romano & Benoit Sabatier could not be found on TMDB.
[15:08:00] [WARNING] kriterion:scrape:60 - Could not process show Festen (Dogma '95, ENG subs)
[15:08:01] [WARNING] tmdb:get_person_ids:31 - Various directors could not be found on TMDB.
[15:08:01] [WARNING] kriterion:scrape:60 - Could not process show SNEAK PREVIEW
[15:08:01] [SUCCESS] runner:run:28 - Scraped showtime data for cinema: kriterion.
[15:08:01] [INFO] runner:run:25 - Running scraper for cinema: lab111...
[15:08:06] [WARNING] lab111:scrape:66 - No TMDB id found for asian movie night: sanguine specters stick to the skin, skipping
[15:08:07] [WARNING] lab111:scrape:66 - No TMDB id found for hump! film fest 2025 part two, skipping
[15:08:14] [WARNING] lab111:scrape:66 - No TMDB id found for iqmf queer short film program 2025, skipping
[15:08:15] [SUCCESS] runner:run:28 - Scraped showtime data for cinema: lab111.
[15:08:15] [INFO] runner:run:25 - Running scraper for cinema: themovies...
[15:08:21] [SUCCESS] runner:run:28 - Scraped showtime data for cinema: themovies.
[15:08:21] [INFO] runner:run:25 - Running scraper for cinema: uitkijk...
[15:08:36] [WARNING] uitkijk:get_movie:92 - No director found for zomergasten-op-het-witte-doek, skipping
[15:08:37] [WARNING] uitkijk:get_movie:92 - No director found for zomergasten-op-het-witte-doek, skipping
[15:08:38] [WARNING] uitkijk:get_movie:114 - No TMDB id found for het rijk der schimmen, skipping
[15:08:38] [WARNING] uitkijk:get_movie:92 - No director found for zomergasten-op-het-witte-doek, skipping
[15:08:38] [WARNING] uitkijk:get_movie:92 - No director found for zomergasten-op-het-witte-doek, skipping
[15:08:39] [WARNING] uitkijk:get_movie:92 - No director found for zomergasten-op-het-witte-doek, skipping
[15:08:39] [WARNING] uitkijk:get_movie:114 - No TMDB id found for het rijk der schimmen, skipping
[15:08:39] [WARNING] uitkijk:get_movie:92 - No director found for zomergasten-op-het-witte-doek, skipping
[15:08:39] [SUCCESS] runner:run:28 - Scraped showtime data for cinema: uitkijk.
[15:08:39] [INFO] runner:run:25 - Running scraper for cinema: filmkoepel...
[15:08:40] [WARNING] eagerly:scrape:66 - No TMDB ID found for bijspijkeren new hollywood the graduate, skipping
[15:08:44] [WARNING] eagerly:scrape:66 - No TMDB ID found for smurfen nl, skipping
[15:08:44] [WARNING] eagerly:scrape:66 - No TMDB ID found for speurtocht in de koepel, skipping
[15:08:46] [SUCCESS] runner:run:28 - Scraped showtime data for cinema: filmkoepel.
[15:08:46] [INFO] runner:run:25 - Running scraper for cinema: louishartloopercomplex...
[15:08:49] [WARNING] eagerly:scrape:66 - No TMDB ID found for flophouse america, skipping
[15:08:53] [WARNING] eagerly:scrape:66 - No TMDB ID found for summer school, skipping
[15:08:56] [SUCCESS] runner:run:28 - Scraped showtime data for cinema: louishartloopercomplex.
[15:08:56] [INFO] runner:run:25 - Running scraper for cinema: slachtstraat...
[15:09:00] [WARNING] eagerly:scrape:66 - No TMDB ID found for het muziekmedicijn, skipping
[15:09:00] [WARNING] eagerly:scrape:66 - No TMDB ID found for het schrijfcafe, skipping
[15:09:03] [WARNING] tmdb:get_person_ids:31 - Ambra Reijnen &amp; Rubi Tobias could not be found on TMDB.
[15:09:03] [WARNING] tmdb:get_person_ids:31 - Juana Victoria Hernández Gómez Arabelle Hernández Gómez Juana Gómez Torres could not be found on TMDB.
[15:09:03] [WARNING] eagerly:scrape:66 - No TMDB ID found for junax thread by thread, skipping
[15:09:12] [SUCCESS] runner:run:28 - Scraped showtime data for cinema: slachtstraat.
[15:09:12] [INFO] runner:run:25 - Running scraper for cinema: springhaver...
[15:09:15] [SUCCESS] runner:run:28 - Scraped showtime data for cinema: springhaver.
[15:09:15] [INFO] runner:run:25 - Running scraper for cinema: trianon...
[15:09:21] [WARNING] eagerly:scrape:66 - No TMDB ID found for big trip 3 race om de wereld, skipping
[15:09:24] [WARNING] eagerly:scrape:66 - No TMDB ID found for earth fire jerney kaagman fanclubdag ii, skipping
[15:09:25] [WARNING] eagerly:scrape:66 - No TMDB ID found for for your eyes only, skipping
[15:09:31] [WARNING] eagerly:scrape:66 - No TMDB ID found for nico ii, skipping
[15:09:32] [WARNING] tmdb:get_person_ids:31 - Rob Cureton could not be found on TMDB.
[15:09:32] [WARNING] tmdb:get_person_ids:31 - Anber Ortanca could not be found on TMDB.
[15:09:32] [WARNING] eagerly:scrape:66 - No TMDB ID found for peppa en de nieuwe baby, skipping
[15:09:33] [WARNING] tmdb:get_person_ids:31 - Akira Surokawa could not be found on TMDB.
[15:09:34] [WARNING] eagerly:scrape:66 - No TMDB ID found for smurfen, skipping
[15:09:34] [WARNING] eagerly:scrape:66 - No TMDB ID found for sneak preview, skipping
[15:09:35] [WARNING] eagerly:scrape:66 - No TMDB ID found for studium generalere presenteert old heart, skipping
[15:09:39] [WARNING] tmdb:get_person_ids:31 - Akira Kurasawa could not be found on TMDB.
[15:09:40] [WARNING] tmdb:get_person_ids:31 - Ryunosuke Kamiki Mone Kamishiraishi Ryo Narita Aoi Yuki could not be found on TMDB.
[15:09:40] [SUCCESS] runner:run:28 - Scraped showtime data for cinema: trianon.
[15:09:40] [INFO] runner:run:25 - Running scraper for cinema: lido...
[15:09:41] [WARNING] eagerly:scrape:66 - No TMDB ID found for big trip 3 race om de wereld, skipping
[15:09:42] [WARNING] eagerly:scrape:66 - No TMDB ID found for earth fire jerney kaagman fanclubdag ii, skipping
[15:09:42] [WARNING] eagerly:scrape:66 - No TMDB ID found for for your eyes only, skipping
[15:09:44] [WARNING] eagerly:scrape:66 - No TMDB ID found for nico ii, skipping
[15:09:45] [WARNING] tmdb:get_person_ids:31 - Rob Cureton could not be found on TMDB.
[15:09:45] [WARNING] tmdb:get_person_ids:31 - Anber Ortanca could not be found on TMDB.
[15:09:45] [WARNING] eagerly:scrape:66 - No TMDB ID found for peppa en de nieuwe baby, skipping
[15:09:45] [WARNING] tmdb:get_person_ids:31 - Akira Surokawa could not be found on TMDB.
[15:09:46] [WARNING] eagerly:scrape:66 - No TMDB ID found for smurfen, skipping
[15:09:46] [WARNING] eagerly:scrape:66 - No TMDB ID found for sneak preview, skipping
[15:09:46] [WARNING] eagerly:scrape:66 - No TMDB ID found for studium generalere presenteert old heart, skipping
[15:09:48] [WARNING] tmdb:get_person_ids:31 - Akira Kurasawa could not be found on TMDB.
[15:09:48] [WARNING] tmdb:get_person_ids:31 - Ryunosuke Kamiki Mone Kamishiraishi Ryo Narita Aoi Yuki could not be found on TMDB.
[15:09:48] [SUCCESS] runner:run:28 - Scraped showtime data for cinema: lido.
[15:09:48] [INFO] runner:run:25 - Running scraper for cinema: kijkhuis...
[15:09:49] [WARNING] eagerly:scrape:66 - No TMDB ID found for big trip 3 race om de wereld, skipping
[15:09:50] [WARNING] eagerly:scrape:66 - No TMDB ID found for earth fire jerney kaagman fanclubdag ii, skipping
[15:09:50] [WARNING] eagerly:scrape:66 - No TMDB ID found for for your eyes only, skipping
[15:09:51] [WARNING] eagerly:scrape:66 - No TMDB ID found for nico ii, skipping
[15:09:52] [WARNING] tmdb:get_person_ids:31 - Rob Cureton could not be found on TMDB.
[15:09:52] [WARNING] tmdb:get_person_ids:31 - Anber Ortanca could not be found on TMDB.
[15:09:52] [WARNING] eagerly:scrape:66 - No TMDB ID found for peppa en de nieuwe baby, skipping
[15:09:53] [WARNING] tmdb:get_person_ids:31 - Akira Surokawa could not be found on TMDB.
[15:09:53] [WARNING] eagerly:scrape:66 - No TMDB ID found for smurfen, skipping
[15:09:53] [WARNING] eagerly:scrape:66 - No TMDB ID found for sneak preview, skipping
[15:09:53] [WARNING] eagerly:scrape:66 - No TMDB ID found for studium generalere presenteert old heart, skipping
[15:09:55] [WARNING] tmdb:get_person_ids:31 - Akira Kurasawa could not be found on TMDB.
[15:09:55] [WARNING] tmdb:get_person_ids:31 - Ryunosuke Kamiki Mone Kamishiraishi Ryo Narita Aoi Yuki could not be found on TMDB.
[15:09:55] [SUCCESS] runner:run:28 - Scraped showtime data for cinema: kijkhuis.
[15:09:55] [INFO] runner:run:25 - Running scraper for cinema: fchyena...
[15:09:59] [WARNING] fchyena:scrape:65 - No TMDB id found for de a’dammer, skipping
[15:10:05] [WARNING] fchyena:scrape:65 - No TMDB id found for wishing on a star, skipping
[15:10:06] [WARNING] fchyena:scrape:65 - No TMDB id found for wishing on a star - scream editie, skipping
[15:10:07] [WARNING] tmdb:get_person_ids:31 - Alessandro Cassigoli, Casey Kauffman could not be found on TMDB.
[15:10:08] [WARNING] tmdb:get_person_ids:31 - Madeline Sharafian, Adrian Molina could not be found on TMDB.
[15:10:08] [WARNING] fchyena:scrape:65 - No TMDB id found for elio, skipping
[15:10:09] [WARNING] fchyena:scrape:65 - No TMDB id found for the salt path, skipping
[15:10:12] [WARNING] fchyena:scrape:65 - No TMDB id found for sneak preview, skipping
[15:10:12] [SUCCESS] runner:run:28 - Scraped showtime data for cinema: fchyena.
[15:10:12] [INFO] runner:run:29 - Loading Letterboxd slugs...
[15:13:53] [SUCCESS] runner:run:31 - Successfully loaded Letterboxd slugs.
